[    0.000000] Initializing cgroup subsys cpuset
[    0.000000] Initializing cgroup subsys cpu
[    0.000000] Initializing cgroup subsys cpuacct
[    0.000000] Linux version 4.4.0-122-generic (buildd@lcy01-amd64-005) (gcc version 5.4.0 20160609 (Ubuntu 5.4.0-6ubuntu1~16.04.9) ) #146-Ubuntu SMP Mon Apr 23 15:34:04 UTC 2018 (Ubuntu 4.4.0-122.146-generic 4.4.117)
[    0.000000] Command line: BOOT_IMAGE=/boot/vmlinuz-4.4.0-122-generic root=LABEL=cloudimg-rootfs ro console=tty1 console=ttyS0
[    0.000000] KERNEL supported cpus:
[    0.000000]   Intel GenuineIntel
[    0.000000]   AMD AuthenticAMD
[    0.000000]   Centaur CentaurHauls
[    0.000000] ------------[ cut here ]------------
[    0.000000] WARNING: CPU: 0 PID: 0 at /build/linux-fK4DoK/linux-4.4.0/arch/x86/kernel/fpu/xstate.c:517 fpu__init_system_xstate+0x38b/0x75a()
[    0.000000] XSAVE consistency problem, dumping leaves
[    0.000000] Modules linked in:
[    0.000000] CPU: 0 PID: 0 Comm: swapper Not tainted 4.4.0-122-generic #146-Ubuntu
[    0.000000]  0000000000000086 393140294a388ea7 ffffffff81e03d80 ffffffff813ffc13
[    0.000000]  ffffffff81e03dc8 ffffffff81cac050 ffffffff81e03db8 ffffffff81083232
[    0.000000]  ffffffff81e03e48 ffffffff81e03e4c 0000000000000008 0000000000000100
[    0.000000] Call Trace:
[    0.000000]  [<ffffffff813ffc13>] dump_stack+0x63/0x90
[    0.000000]  [<ffffffff81083232>] warn_slowpath_common+0x82/0xc0
[    0.000000]  [<ffffffff810832cc>] warn_slowpath_fmt+0x5c/0x80
[    0.000000]  [<ffffffff8107eda8>] ? xfeature_size+0x59/0x77
[    0.000000]  [<ffffffff81f732e9>] fpu__init_system_xstate+0x38b/0x75a
[    0.000000]  [<ffffffff81f63120>] ? early_idt_handler_array+0x120/0x120
[    0.000000]  [<ffffffff81f72c54>] fpu__init_system+0x10b/0x243
[    0.000000]  [<ffffffff81f73e1f>] early_cpu_init+0x178/0x17d
[    0.000000]  [<ffffffff81f73e1f>] ? early_cpu_init+0x178/0x17d
[    0.000000]  [<ffffffff81f6f1ae>] setup_arch+0xb4/0xd2b
[    0.000000]  [<ffffffff81f63120>] ? early_idt_handler_array+0x120/0x120
[    0.000000]  [<ffffffff81f63c7b>] start_kernel+0xe2/0x4aa
[    0.000000]  [<ffffffff81f63120>] ? early_idt_handler_array+0x120/0x120
[    0.000000]  [<ffffffff81f63339>] x86_64_start_reservations+0x2a/0x2c
[    0.000000]  [<ffffffff81f63485>] x86_64_start_kernel+0x14a/0x16d
[    0.000000] ---[ end trace 4d5ff9f2f68c4233 ]---
[    0.000000] CPUID[0d, 00]: eax=00000007 ebx=00000440 ecx=00000440 edx=00000000
[    0.000000] CPUID[0d, 01]: eax=00000000 ebx=00000440 ecx=00000000 edx=00000000
[    0.000000] CPUID[0d, 02]: eax=00000100 ebx=00000240 ecx=00000000 edx=00000000
[    0.000000] CPUID[0d, 03]: eax=00000000 ebx=00000000 ecx=00000000 edx=00000000
[    0.000000] CPUID[0d, 04]: eax=00000000 ebx=00000000 ecx=00000000 edx=00000000
[    0.000000] CPUID[0d, 05]: eax=00000000 ebx=00000000 ecx=00000000 edx=00000000
[    0.000000] CPUID[0d, 06]: eax=00000000 ebx=00000000 ecx=00000000 edx=00000000
[    0.000000] CPUID[0d, 07]: eax=00000000 ebx=00000000 ecx=00000000 edx=00000000
[    0.000000] CPUID[0d, 08]: eax=00000000 ebx=00000000 ecx=00000000 edx=00000000
[    0.000000] CPUID[0d, 09]: eax=00000000 ebx=00000000 ecx=00000000 edx=00000000
[    0.000000] CPUID[0d, 0a]: eax=00000000 ebx=00000000 ecx=00000000 edx=00000000
[    0.000000] CPUID[0d, 0b]: eax=00000000 ebx=00000000 ecx=00000000 edx=00000000
[    0.000000] CPUID[0d, 0c]: eax=00000000 ebx=00000000 ecx=00000000 edx=00000000
[    0.000000] CPUID[0d, 0d]: eax=00000000 ebx=00000000 ecx=00000000 edx=00000000
[    0.000000] CPUID[0d, 0e]: eax=00000000 ebx=00000000 ecx=00000000 edx=00000000
[    0.000000] CPUID[0d, 0f]: eax=00000000 ebx=00000000 ecx=00000000 edx=00000000
[    0.000000] CPUID[0d, 10]: eax=00000000 ebx=00000000 ecx=00000000 edx=00000000
[    0.000000] CPUID[0d, 11]: eax=00000000 ebx=00000000 ecx=00000000 edx=00000000
[    0.000000] x86/fpu: xstate_offset[2]:  576, xstate_sizes[2]:  256
[    0.000000] x86/fpu: Supporting XSAVE feature 0x01: 'x87 floating point registers'
[    0.000000] x86/fpu: Supporting XSAVE feature 0x02: 'SSE registers'
[    0.000000] x86/fpu: Supporting XSAVE feature 0x04: 'AVX registers'
[    0.000000] x86/fpu: Enabled xstate features 0x7, context size is 1088 bytes, using 'standard' format.
[    0.000000] x86/fpu: Using 'lazy' FPU context switches.
[    0.000000] e820: BIOS-provided physical RAM map:
[    0.000000] BIOS-e820: [mem 0x0000000000000000-0x000000000009fbff] usable
[    0.000000] BIOS-e820: [mem 0x000000000009fc00-0x000000000009ffff] reserved
[    0.000000] BIOS-e820: [mem 0x00000000000f0000-0x00000000000fffff] reserved
[    0.000000] BIOS-e820: [mem 0x0000000000100000-0x000000003ffeffff] usable
[    0.000000] BIOS-e820: [mem 0x000000003fff0000-0x000000003fffffff] ACPI data
[    0.000000] BIOS-e820: [mem 0x00000000fec00000-0x00000000fec00fff] reserved
[    0.000000] BIOS-e820: [mem 0x00000000fee00000-0x00000000fee00fff] reserved
[    0.000000] BIOS-e820: [mem 0x00000000fffc0000-0x00000000ffffffff] reserved
[    0.000000] NX (Execute Disable) protection: active
[    0.000000] SMBIOS 2.5 present.
[    0.000000] Hypervisor detected: KVM
[    0.000000] e820: last_pfn = 0x3fff0 max_arch_pfn = 0x400000000
[    0.000000] MTRR: Disabled
[    0.000000] x86/PAT: MTRRs disabled, skipping PAT initialization too.
[    0.000000] CPU MTRRs all blank - virtualized system.
[    0.000000] x86/PAT: Configuration [0-7]: WB  WT  UC- UC  WB  WT  UC- UC  
[    0.000000] found SMP MP-table at [mem 0x0009fff0-0x0009ffff] mapped at [ffff88000009fff0]
[    0.000000] Scanning 1 areas for low memory corruption
[    0.000000] RAMDISK: [mem 0x36a98000-0x37543fff]
[    0.000000] ACPI: Early table checksum verification disabled
[    0.000000] ACPI: RSDP 0x00000000000E0000 000024 (v02 VBOX  )
[    0.000000] ACPI: XSDT 0x000000003FFF0030 00003C (v01 VBOX   VBOXXSDT 00000001 ASL  00000061)
[    0.000000] ACPI: FACP 0x000000003FFF00F0 0000F4 (v04 VBOX   VBOXFACP 00000001 ASL  00000061)
[    0.000000] ACPI: DSDT 0x000000003FFF0470 0021FF (v02 VBOX   VBOXBIOS 00000002 INTL 20100528)
[    0.000000] ACPI: FACS 0x000000003FFF0200 000040
[    0.000000] ACPI: FACS 0x000000003FFF0200 000040
[    0.000000] ACPI: APIC 0x000000003FFF0240 00005C (v02 VBOX   VBOXAPIC 00000001 ASL  00000061)
[    0.000000] ACPI: SSDT 0x000000003FFF02A0 0001CC (v01 VBOX   VBOXCPUT 00000002 INTL 20100528)
[    0.000000] No NUMA configuration found
[    0.000000] Faking a node at [mem 0x0000000000000000-0x000000003ffeffff]
[    0.000000] NODE_DATA(0) allocated [mem 0x3ffeb000-0x3ffeffff]
[    0.000000] kvm-clock: Using msrs 4b564d01 and 4b564d00
[    0.000000] kvm-clock: cpu 0, msr 0:3ffe3001, primary cpu clock
[    0.000000] kvm-clock: using sched offset of 4025467521 cycles
[    0.000000] clocksource: kvm-clock: mask: 0xffffffffffffffff max_cycles: 0x1cd42e4dffb, max_idle_ns: 881590591483 ns
[    0.000000] Zone ranges:
[    0.000000]   DMA      [mem 0x0000000000001000-0x0000000000ffffff]
[    0.000000]   DMA32    [mem 0x0000000001000000-0x000000003ffeffff]
[    0.000000]   Normal   empty
[    0.000000]   Device   empty
[    0.000000] Movable zone start for each node
[    0.000000] Early memory node ranges
[    0.000000]   node   0: [mem 0x0000000000001000-0x000000000009efff]
[    0.000000]   node   0: [mem 0x0000000000100000-0x000000003ffeffff]
[    0.000000] Initmem setup node 0 [mem 0x0000000000001000-0x000000003ffeffff]
[    0.000000] ACPI: PM-Timer IO Port: 0x4008
[    0.000000] IOAPIC[0]: apic_id 2, version 32, address 0xfec00000, GSI 0-23
[    0.000000] ACPI: INT_SRC_OVR (bus 0 bus_irq 0 global_irq 2 dfl dfl)
[    0.000000] ACPI: INT_SRC_OVR (bus 0 bus_irq 9 global_irq 9 high level)
[    0.000000] Using ACPI (MADT) for SMP configuration information
[    0.000000] smpboot: Allowing 2 CPUs, 0 hotplug CPUs
[    0.000000] PM: Registered nosave memory: [mem 0x00000000-0x00000fff]
[    0.000000] PM: Registered nosave memory: [mem 0x0009f000-0x0009ffff]
[    0.000000] PM: Registered nosave memory: [mem 0x000a0000-0x000effff]
[    0.000000] PM: Registered nosave memory: [mem 0x000f0000-0x000fffff]
[    0.000000] e820: [mem 0x40000000-0xfebfffff] available for PCI devices
[    0.000000] Booting paravirtualized kernel on KVM
[    0.000000] clocksource: refined-jiffies: mask: 0xffffffff max_cycles: 0xffffffff, max_idle_ns: 7645519600211568 ns
[    0.000000] setup_percpu: NR_CPUS:512 nr_cpumask_bits:512 nr_cpu_ids:2 nr_node_ids:1
[    0.000000] PERCPU: Embedded 34 pages/cpu @ffff88003fc00000 s99544 r8192 d31528 u1048576
[    0.000000] PV qspinlock hash table entries: 256 (order: 0, 4096 bytes)
[    0.000000] Built 1 zonelists in Node order, mobility grouping on.  Total pages: 257912
[    0.000000] Policy zone: DMA32
[    0.000000] Kernel command line: BOOT_IMAGE=/boot/vmlinuz-4.4.0-122-generic root=LABEL=cloudimg-rootfs ro console=tty1 console=ttyS0
[    0.000000] PID hash table entries: 4096 (order: 3, 32768 bytes)
[    0.000000] Memory: 1001596K/1048120K available (8532K kernel code, 1313K rwdata, 3996K rodata, 1508K init, 1316K bss, 46524K reserved, 0K cma-reserved)
[    0.000000] SLUB: HWalign=64, Order=0-3, MinObjects=0, CPUs=2, Nodes=1
[    0.000000] Kernel/User page tables isolation: enabled
[    0.000000] Hierarchical RCU implementation.
[    0.000000] 	Build-time adjustment of leaf fanout to 64.
[    0.000000] 	RCU restricting CPUs from NR_CPUS=512 to nr_cpu_ids=2.
[    0.000000] RCU: Adjusting geometry for rcu_fanout_leaf=64, nr_cpu_ids=2
[    0.000000] NR_IRQS:33024 nr_irqs:440 16
[    0.000000] Console: colour VGA+ 80x25
[    0.000000] console [tty1] enabled
[    0.000000] console [ttyS0] enabled
[    0.000000] tsc: Detected 2591.998 MHz processor
[   24.757340] Calibrating delay loop (skipped) preset value.. 5183.99 BogoMIPS (lpj=10367992)
[   24.818938] pid_max: default: 32768 minimum: 301
[   24.828931] ACPI: Core revision 20150930
[   24.876409] ACPI: 2 ACPI AML tables successfully acquired and loaded
[   25.014896] Security Framework initialized
[   25.132121] Yama: becoming mindful.
[   25.233018] AppArmor: AppArmor initialized
[   25.302922] Dentry cache hash table entries: 131072 (order: 8, 1048576 bytes)
[   25.471792] Inode-cache hash table entries: 65536 (order: 7, 524288 bytes)
[   25.662172] Mount-cache hash table entries: 2048 (order: 2, 16384 bytes)
[   25.841749] Mountpoint-cache hash table entries: 2048 (order: 2, 16384 bytes)
[   26.050732] Initializing cgroup subsys io
[   26.136362] Initializing cgroup subsys memory
[   26.137204] Initializing cgroup subsys devices
[   26.137964] Initializing cgroup subsys freezer
[   26.138751] Initializing cgroup subsys net_cls
[   26.257447] Initializing cgroup subsys perf_event
[   26.338643] Initializing cgroup subsys net_prio
[   26.409854] Initializing cgroup subsys hugetlb
[   26.517024] Initializing cgroup subsys pids
[   26.571823] CPU: Physical Processor ID: 0
[   26.674188] CPU: Processor Core ID: 0
[   26.744461] FEATURE SPEC_CTRL Not Present
[   26.862782] mce: CPU supports 0 MCE banks
[   26.981682] Last level iTLB entries: 4KB 64, 2MB 8, 4MB 8
[   27.141794] Last level dTLB entries: 4KB 64, 2MB 0, 4MB 0, 1GB 4
[   27.298603] Spectre V2 mitigation: Mitigation: Full generic retpoline
[   27.425885] Spectre V2 mitigation: Speculation control IBPB not-supported IBRS not-supported
[   27.638584] Spectre V2 mitigation: Filling RSB on context switch
[   27.788854] Freeing SMP alternatives memory: 32K
[   27.913697] ftrace: allocating 32202 entries in 126 pages
[   28.100435] smpboot: APIC(0) Converting physical 0 to logical package 0
[   28.281333] smpboot: Max logical packages: 1
[   28.397116] x2apic enabled
[   28.462593] Switched APIC routing to physical x2apic.
[   28.521635] ..TIMER: vector=0x30 apic1=0 pin1=2 apic2=-1 pin2=-1
[   28.797632] smpboot: CPU0: Intel(R) Core(TM) i7-6700HQ CPU @ 2.60GHz (family: 0x6, model: 0x5e, stepping: 0x3)
[   29.067601] Performance Events: unsupported p6 CPU model 94 no PMU driver, software events only.
[   29.205127] KVM setup paravirtual spinlock
[   29.314921] x86: Booting SMP configuration:
[   29.444288] .... node  #0, CPUs:      #1
[   29.525986] kvm-clock: cpu 1, msr 0:3ffe3041, secondary cpu clock
[   29.570048] mce: CPU supports 0 MCE banks
[   29.575869] x86: Booted up 1 node, 2 CPUs
[   29.628849] smpboot: Total of 2 processors activated (10367.99 BogoMIPS)
[   29.771606] devtmpfs: initialized
[   29.860978] evm: security.selinux
[   29.972008] evm: security.SMACK64
[   30.059346] evm: security.SMACK64EXEC
[   30.118533] evm: security.SMACK64TRANSMUTE
[   30.234700] evm: security.SMACK64MMAP
[   30.332254] evm: security.ima
[   30.397745] evm: security.capability
[   30.450648] clocksource: jiffies: mask: 0xffffffff max_cycles: 0xffffffff, max_idle_ns: 7645041785100000 ns
[   30.679195] futex hash table entries: 512 (order: 3, 32768 bytes)
[   30.838045] pinctrl core: initialized pinctrl subsystem
[   30.981361] RTC time: 20:34:56, date: 05/30/18
[   31.070213] NET: Registered protocol family 16
[   31.135136] cpuidle: using governor ladder
[   31.254321] cpuidle: using governor menu
[   31.362971] PCCT header not found.
[   31.474285] ACPI: bus type PCI registered
[   31.581491] acpiphp: ACPI Hot Plug PCI Controller Driver version: 0.5
[   31.745679] PCI: Using configuration type 1 for base access
[   31.838309] ACPI: Added _OSI(Module Device)
[   31.923073] ACPI: Added _OSI(Processor Device)
[   31.923933] ACPI: Added _OSI(3.0 _SCP Extensions)
[   31.924761] ACPI: Added _OSI(Processor Aggregator Device)
[   32.055667] ACPI: Executed 1 blocks of module-level executable AML code
[   32.220827] ACPI: Interpreter enabled
[   32.221565] ACPI: (supports S0 S5)
[   32.222205] ACPI: Using IOAPIC for interrupt routing
[   32.263133] PCI: Using host bridge windows from ACPI; if necessary, use "pci=nocrs" and report a bug
[   32.525167] ACPI: PCI Root Bridge [PCI0] (domain 0000 [bus 00-ff])
[   32.664113] acpi PNP0A03:00: _OSC: OS supports [ASPM ClockPM Segments MSI]
[   32.812495] acpi PNP0A03:00: _OSC: not requesting OS control; OS requires [ExtendedConfig ASPM ClockPM MSI]
[   32.985351] acpi PNP0A03:00: fail to add MMCONFIG information, can't access extended PCI configuration space under this bridge.
[   33.291320] PCI host bridge to bus 0000:00
[   33.409606] pci_bus 0000:00: root bus resource [io  0x0000-0x0cf7 window]
[   33.583361] pci_bus 0000:00: root bus resource [io  0x0d00-0xffff window]
[   33.763933] pci_bus 0000:00: root bus resource [mem 0x000a0000-0x000bffff window]
[   33.889093] pci_bus 0000:00: root bus resource [mem 0x40000000-0xffdfffff window]
[   34.078677] pci_bus 0000:00: root bus resource [bus 00-ff]
[   34.215582] pci 0000:00:01.1: legacy IDE quirk: reg 0x10: [io  0x01f0-0x01f7]
[   34.383761] pci 0000:00:01.1: legacy IDE quirk: reg 0x14: [io  0x03f6]
[   34.533965] pci 0000:00:01.1: legacy IDE quirk: reg 0x18: [io  0x0170-0x0177]
[   34.703836] pci 0000:00:01.1: legacy IDE quirk: reg 0x1c: [io  0x0376]
[   34.867543] pci 0000:00:07.0: quirk: [io  0x4000-0x403f] claimed by PIIX4 ACPI
[   34.958050] pci 0000:00:07.0: quirk: [io  0x4100-0x410f] claimed by PIIX4 SMB
[   35.006451] ACPI: PCI Interrupt Link [LNKA] (IRQs 5 9 10 *11)
[   35.112232] ACPI: PCI Interrupt Link [LNKB] (IRQs 5 9 10 *11)
[   35.249343] ACPI: PCI Interrupt Link [LNKC] (IRQs 5 9 *10 11)
[   35.346575] ACPI: PCI Interrupt Link [LNKD] (IRQs 5 *9 10 11)
[   35.418936] ACPI: Enabled 2 GPEs in block 00 to 07
[   35.436075] vgaarb: setting as boot device: PCI:0000:00:02.0
[   35.556771] vgaarb: device added: PCI:0000:00:02.0,decodes=io+mem,owns=io+mem,locks=none
[   35.732796] vgaarb: loaded
[   35.792237] vgaarb: bridge control possible 0000:00:02.0
[   35.868544] SCSI subsystem initialized
[   35.869606] ACPI: bus type USB registered
[   35.952074] usbcore: registered new interface driver usbfs
[   36.029254] usbcore: registered new interface driver hub
[   36.049038] usbcore: registered new device driver usb
[   36.106740] PCI: Using ACPI for IRQ routing
[   36.202967] NetLabel: Initializing
[   36.257472] NetLabel:  domain hash size = 128
[   36.297557] NetLabel:  protocols = UNLABELED CIPSOv4
[   36.320206] NetLabel:  unlabeled traffic allowed by default
[   36.345840] amd_nb: Cannot enumerate AMD northbridges
[   36.451023] clocksource: Switched to clocksource kvm-clock
[   36.571184] AppArmor: AppArmor Filesystem Enabled
[   36.717408] pnp: PnP ACPI init
[   36.811958] pnp: PnP ACPI: found 3 devices
[   36.954265] clocksource: acpi_pm: mask: 0xffffff max_cycles: 0xffffff, max_idle_ns: 2085701024 ns
[   37.215331] NET: Registered protocol family 2
[   37.347955] TCP established hash table entries: 8192 (order: 4, 65536 bytes)
[   37.580121] TCP bind hash table entries: 8192 (order: 5, 131072 bytes)
[   37.783091] TCP: Hash tables configured (established 8192 bind 8192)
[   37.987155] UDP hash table entries: 512 (order: 2, 16384 bytes)
[   38.068412] UDP-Lite hash table entries: 512 (order: 2, 16384 bytes)
[   38.251624] NET: Registered protocol family 1
[   38.388227] pci 0000:00:00.0: Limiting direct PCI/PCI transfers
[   38.585316] pci 0000:00:01.0: Activating ISA DMA hang workarounds
[   38.783625] Unpacking initramfs...
[   40.787452] Freeing initrd memory: 10928K
[   40.887890] platform rtc_cmos: registered platform RTC device (no PNP device found)
[   41.102736] Scanning for low memory corruption every 60 seconds
[   41.252476] audit: initializing netlink subsys (disabled)
[   41.375731] audit: type=2000 audit(1527712475.915:1): initialized
[   41.490245] Initialise system trusted keyring
[   41.594779] HugeTLB registered 2 MB page size, pre-allocated 0 pages
[   41.719727] zbud: loaded
[   41.761781] VFS: Disk quotas dquot_6.6.0
[   41.880372] VFS: Dquot-cache hash table entries: 512 (order 0, 4096 bytes)
[   42.084723] tsc: Refined TSC clocksource calibration: 2590.950 MHz
[   42.285386] clocksource: tsc: mask: 0xffffffffffffffff max_cycles: 0x2558d71ef8a, max_idle_ns: 440795276545 ns
ÿ[   42.285710] squashfs: version 4.0 (2009/01/31) Phillip Lougher
[   42.285998] fuse init (API version 7.23)
[   42.286093] Key type big_key registered
[   42.286110] Allocating IMA MOK and blacklist keyrings.
[   42.286282] Key type asymmetric registered
[   42.286285] Asymmetric key parser 'x509' registered
[   42.286312] Block layer SCSI generic (bsg) driver version 0.4 loaded (major 249)
[   42.286335] io scheduler noop registered
[   42.286338] io scheduler deadline registered (default)
[   42.286360] io scheduler cfq registered
[   42.286455] pci_hotplug: PCI Hot Plug PCI Core version: 0.5
[   42.286458] pciehp: PCI Express Hot Plug Controller Driver version: 0.4
[   42.286568] ACPI: AC Adapter [AC] (on-line)
[   42.286610] input: Power Button as /devices/LNXSYSTM:00/LNXPWRBN:00/input/input0
[   42.286612] ACPI: Power Button [PWRF]
[   42.286669] input: Sleep Button as /devices/LNXSYSTM:00/LNXSLPBN:00/input/input1
[   42.286670] ACPI: Sleep Button [SLPF]
[   42.286785] GHES: HEST is not enabled!
[   42.287643] ACPI: Battery Slot [BAT0] (battery present)
[   42.287678] Serial: 8250/16550 driver, 32 ports, IRQ sharing enabled
[   42.620521] 00:02: ttyS0 at I/O 0x3f8 (irq = 4, base_baud = 115200) is a 16550A
[   42.791659] Linux agpgart interface v0.103
[   42.889569] loop: module loaded
[   42.890240] scsi host0: ata_piix
[   42.890315] scsi host1: ata_piix
[   42.890342] ata1: PATA max UDMA/33 cmd 0x1f0 ctl 0x3f6 bmdma 0xd000 irq 14
[   42.890343] ata2: PATA max UDMA/33 cmd 0x170 ctl 0x376 bmdma 0xd008 irq 15
[   42.890423] libphy: Fixed MDIO Bus: probed
[   42.890425] tun: Universal TUN/TAP device driver, 1.6
[   42.890426] tun: (C) 1999-2004 Max Krasnyansky <maxk@qualcomm.com>
[   42.890745] PPP generic driver version 2.4.2
[   42.890822] ehci_hcd: USB 2.0 'Enhanced' Host Controller (EHCI) Driver
[   42.890826] ehci-pci: EHCI PCI platform driver
[   42.890839] ehci-platform: EHCI generic platform driver
[   42.890847] ohci_hcd: USB 1.1 'Open' Host Controller (OHCI) Driver
[   42.890849] ohci-pci: OHCI PCI platform driver
[   42.890856] ohci-platform: OHCI generic platform driver
[   42.890863] uhci_hcd: USB Universal Host Controller Interface driver
[   42.890910] i8042: PNP: PS/2 Controller [PNP0303:PS2K,PNP0f03:PS2M] at 0x60,0x64 irq 1,12
[   42.990300] serio: i8042 KBD port at 0x60,0x64 irq 1
[   42.990306] serio: i8042 AUX port at 0x60,0x64 irq 12
[   42.990561] mousedev: PS/2 mouse device common for all mice
[   42.991385] rtc_cmos rtc_cmos: rtc core: registered rtc_cmos as rtc0
[   42.991440] rtc_cmos rtc_cmos: alarms up to one day, 114 bytes nvram
[   42.991446] i2c /dev entries driver
[   42.991544] device-mapper: uevent: version 1.0.3
[   42.991601] device-mapper: ioctl: 4.34.0-ioctl (2015-10-28) initialised: dm-devel@redhat.com
[   42.991614] ledtrig-cpu: registered to indicate activity on CPUs
[   42.991844] NET: Registered protocol family 10
[   42.991959] NET: Registered protocol family 17
[   42.991967] Key type dns_resolver registered
[   42.992150] registered taskstats version 1
[   42.992164] Loading compiled-in X.509 certificates
[   42.992761] Loaded X.509 cert 'Build time autogenerated kernel key: eb3f78ccfd14bc84ef58e051a28e8b7731c2f6e2'
[   42.992778] zswap: loaded using pool lzo/zbud
[   42.994983] Key type trusted registered
[   42.998275] Key type encrypted registered
[   42.998282] AppArmor: AppArmor sha1 policy hashing enabled
[   42.998286] ima: No TPM chip found, activating TPM-bypass!
[   42.998300] evm: HMAC attrs: 0x1
[   42.998621]   Magic number: 2:401:600
[   43.099724] rtc_cmos rtc_cmos: setting system clock to 2018-05-30 20:35:08 UTC (1527712508)
[   43.099896] BIOS EDD facility v0.16 2004-Jun-25, 0 devices found
[   43.099897] EDD information not available.
[   43.860204] input: AT Translated Set 2 keyboard as /devices/platform/i8042/serio0/input/input2
[   51.101656] Freeing unused kernel memory: 1508K
[   51.184461] Write protecting the kernel read-only data: 14336k
[   51.349929] Freeing unused kernel memory: 1696K
[   51.464944] Freeing unused kernel memory: 100K
Loading, please [   51.593333] random: systemd-udevd: uninitialized urandom read (16 bytes read, 9 bits of entropy available)
wait...
startin[   51.594106] random: udevadm: uninitialized urandom read (16 bytes read, 9 bits of entropy available)
g version 229
[   51.594150] random: udevadm: uninitialized urandom read (16 bytes read, 9 bits of entropy available)
[   51.606555] random: udevadm: uninitialized urandom read (16 bytes read, 9 bits of entropy available)
[   51.606623] random: udevadm: uninitialized urandom read (16 bytes read, 9 bits of entropy available)
[   51.606895] random: udevadm: uninitialized urandom read (16 bytes read, 9 bits of entropy available)
[   51.606998] random: udevadm: uninitialized urandom read (16 bytes read, 9 bits of entropy available)
[   51.607074] random: udevadm: uninitialized urandom read (16 bytes read, 9 bits of entropy available)
[   51.607154] random: udevadm: uninitialized urandom read (16 bytes read, 9 bits of entropy available)
[   51.607252] random: udevadm: uninitialized urandom read (16 bytes read, 9 bits of entropy available)
[   52.542485] e1000: Intel(R) PRO/1000 Network Driver - version 7.3.21-k8-NAPI
[   52.704505] e1000: Copyright (c) 1999-2006 Intel Corporation.
[   52.727234] Fusion MPT base driver 3.04.20
[   52.822328] Copyright (c) 1999-2008 LSI Corporation
[   52.897853] AVX version of gcm_enc/dec engaged.
[   52.935079] AES CTR mode by8 optimization enabled
[   53.069827] Fusion MPT SPI Host driver 3.04.20
[   53.183292] input: ImExPS/2 Generic Explorer Mouse as /devices/platform/i8042/serio1/input/input4
[   53.303644] e1000 0000:00:03.0 eth0: (PCI:33MHz:32-bit) 02:24:97:69:54:5f
[   53.393361] e1000 0000:00:03.0 eth0: Intel(R) PRO/1000 Network Connection
[   53.759223] e1000 0000:00:08.0 eth1: (PCI:33MHz:32-bit) 08:00:27:cc:37:4d
[   53.938880] e1000 0000:00:08.0 eth1: Intel(R) PRO/1000 Network Connection
[   54.137761] e1000 0000:00:08.0 enp0s8: renamed from eth1
[   54.275223] mptbase: ioc0: Initiating bringup
[   54.359269] e1000 0000:00:03.0 enp0s3: renamed from eth0
[   54.411956] ioc0: LSI53C1030 A0: Capabilities={Initiator}
[   54.749690] scsi host2: ioc0: LSI53C1030 A0, FwRev=00000000h, Ports=1, MaxQ=256, IRQ=20
[   55.047652] scsi 2:0:0:0: Direct-Access     VBOX     HARDDISK         1.0  PQ: 0 ANSI: 5
[   55.214782] scsi target2:0:0: Beginning Domain Validation
[   55.348286] scsi target2:0:0: Domain Validation skipping write tests
[   55.427214] scsi target2:0:0: Ending Domain Validation
[   55.465508] scsi target2:0:0: asynchronous
[   55.558993] scsi 2:0:1:0: Direct-Access     VBOX     HARDDISK         1.0  PQ: 0 ANSI: 5
[   55.728459] scsi target2:0:1: Beginning Domain Validation
[   55.858496] scsi target2:0:1: Domain Validation skipping write tests
[   55.995808] scsi target2:0:1: Ending Domain Validation
[   56.132472] scsi target2:0:1: asynchronous
[   56.238391] sd 2:0:0:0: [sda] 20971520 512-byte logical blocks: (10.7 GB/10.0 GiB)
[   56.247669] sd 2:0:0:0: Attached scsi generic sg0 type 0
[   56.247856] sd 2:0:1:0: Attached scsi generic sg1 type 0
[   56.248143] sd 2:0:1:0: [sdb] 20480 512-byte logical blocks: (10.5 MB/10.0 MiB)
[   56.248412] sd 2:0:1:0: [sdb] Write Protect is off
[   56.248476] sd 2:0:1:0: [sdb] Incomplete mode parameter data
[   56.248477] sd 2:0:1:0: [sdb] Assuming drive cache: write through
[   56.252735] sd 2:0:1:0: [sdb] Attached SCSI disk
[   56.849985] sd 2:0:0:0: [sda] Write Protect is off
[   56.872127] sd 2:0:0:0: [sda] Incomplete mode parameter data
[   56.968220] sd 2:0:0:0: [sda] Assuming drive cache: write through
[   56.986331]  sda: sda1
[   57.059416] sd 2:0:0:0: [sda] Attached SCSI disk
Begin: Loading e[   58.631570] md: linear personality registered for level -1
ssential drivers[   58.725537] md: multipath personality registered for level -4
 ... [   58.856614] md: raid0 personality registered for level 0
[   58.991441] md: raid1 personality registered for level 1
[   59.175541] raid6: sse2x1   gen()  8200 MB/s
[   59.351293] raid6: sse2x1   xor()  5239 MB/s
[   59.527033] raid6: sse2x2   gen()  9777 MB/s
[   59.699712] raid6: sse2x2   xor()  6754 MB/s
[   59.871509] raid6: sse2x4   gen() 10902 MB/s
[   60.039333] raid6: sse2x4   xor()  7738 MB/s
[   60.150154] raid6: using algorithm sse2x4 gen() 10902 MB/s
[   60.309120] raid6: .... xor() 7738 MB/s, rmw enabled
[   60.461426] raid6: using ssse3x2 recovery algorithm
[   60.574674] xor: automatically using best checksumming function:
[   60.703581]    avx       : 18147.000 MB/sec
[   60.828741] async_tx: api initialized (async)
[   60.893939] md: raid6 personality registered for level 6
[   61.040446] md: raid5 personality registered for level 5
[   61.180683] md: raid4 personality registered for level 4
[   61.345954] md: raid10 personality registered for level 10
done.
Begin: Running /scripts/init-p[   61.527502] Btrfs loaded
remount ... done.
Begin: Mounting root file system ... Begin: Running /scripts/[   61.684639] EXT4-fs (sda1): mounted filesystem with ordered data mode. Opts: (null)
local-top ... done.
Begin: Running /scripts/local-premount ... Scanning for Btrfs filesystems
done.
Warning: fsck not present, so skipping root file system
done.
Begin: Running /scripts/local-bottom ... done.
Begin: Running /scripts/init-bottom ... done.
[   62.304168] random: nonblocking pool is initialized
[   62.715710] systemd[1]: systemd 229 running in system mode. (+PAM +AUDIT +SELINUX +IMA +APPARMOR +SMACK +SYSVINIT +UTMP +LIBCRYPTSETUP +GCRYPT +GNUTLS +ACL +XZ -LZ4 +SECCOMP +BLKID +ELFUTILS +KMOD -IDN)
[   63.008799] systemd[1]: Detected virtualization oracle.
[   63.083021] systemd[1]: Detected architecture x86-64.

Welcome to [1mUbuntu 16.04.4 LTS[0m!

[   63.305677] systemd[1]: Set hostname to <ubuntu>.
[   63.460106] systemd[1]: Initializing machine ID from random generator.
[   63.707606] systemd[1]: Installed transient /etc/machine-id file.
[   64.645101] systemd[1]: Listening on LVM2 metadata daemon socket.
[[0;32m  OK  [0m] Listening on LVM2 metadata daemon socket.
[   64.887448] systemd[1]: Reached target System Time Synchronized.
[[0;32m  OK  [0m] Reached target System Time Synchronized.
[   65.112391] systemd[1]: Created slice User and Session Slice.
[[0;32m  OK  [0m] Created slice User and Session Slice.
[   65.235986] systemd[1]: Listening on Journal Socket.
[[0;32m  OK  [0m] Listening on Journal Socket.
[   65.388450] systemd[1]: Started Trigger resolvconf update for networkd DNS.
[[0;32m  OK  [0m] Started Trigger resolvconf update for networkd DNS.
[   65.673054] systemd[1]: Created slice System Slice.
[[0;32m  OK  [0m] Created slice System Slice.
[   65.892091] systemd[1]: Reached target Slices.
[[0;32m  OK  [0m] Reached target Slices.
[   66.059668] systemd[1]: Starting Remount Root and Kernel File Systems...
[   66.088160] EXT4-fs (sda1): re-mounted. Opts: (null)
         Starting Remount Root and Kernel File Systems...
[   66.328220] systemd[1]: Listening on Journal Audit Socket.
[[0;32m  OK  [0m] Listening on Journal Audit Socket.
[   66.559432] systemd[1]: Mounting POSIX Message Queue File System...
         Mounting POSIX Message Queue File System...
[   66.755811] systemd[1]: Listening on Device-mapper event daemon FIFOs.
[[0;32m  OK  [0m] Listening on Device-mapper event daemon FIFOs.
[   66.992136] systemd[1]: Listening on udev Kernel Socket.
[[0;32m  OK  [0m] Listening on udev Kernel Socket.
[   67.215199] systemd[1]: Mounting Debug File System...
         Mounting Debug File System...
[   67.367630] systemd[1]: Listening on udev Control Socket.
[[0;32m  OK  [0m] Listening on udev Control Socket.
[   67.487862] systemd[1]: Starting Load Kernel Modules...
[   67.601167] Loading iSCSI transport class v2.0-870.
         Starting Load Kernel Mo[   67.785089] iscsi: registered transport (tcp)
dules...
[   67.931773] systemd[1]: Starting Monitoring of LVM2 mirrors, snapshots etc. using dmeventd or progress polling...
         Starting Monitoring of LVM2 mirrors... dmeventd or prog[   68.216907] iscsi: registered transport (iser)
ress polling...
[   68.411344] systemd[1]: Mounting Huge Pages File System...
         Mounting Huge Pages File System...
[   68.475505] systemd[1]: Listening on LVM2 poll daemon socket.
[[0;32m  OK  [0m] Listening on LVM2 poll daemon socket.
[   68.719390] systemd[1]: Listening on /dev/initctl Compatibility Named Pipe.
[[0;32m  OK  [0m] Listening on /dev/initctl Compatibility Named Pipe.
[   68.991847] systemd[1]: Set up automount Arbitrary Executable File Formats File System Automount Point.
[[0;32m  OK  [0m] Set up automount Arbitrary Executab...ats File System Automount Point.
[   69.260300] systemd[1]: Created slice system-serial\x2dgetty.slice.
[[0;32m  OK  [0m] Created slice system-serial\x2dgetty.slice.
[   69.363931] systemd[1]: Starting Uncomplicated firewall...
         Starting Uncomplicated firewall...
[   69.547225] systemd[1]: Starting Set console keymap...
         Starting Set console keymap...
[   69.747575] systemd[1]: Started Forward Password Requests to Wall Directory Watch.
[[0;32m  OK  [0m] Started Forward Password Requests to Wall Directory Watch.
[   70.040212] systemd[1]: Listening on Journal Socket (/dev/log).
[[0;32m  OK  [0m] Listening on Journal Socket (/dev/log).
[   70.303553] systemd[1]: Reached target User and Group Name Lookups.
[[0;32m  OK  [0m] Reached target User and Group Name Lookups.
[   70.545664] systemd[1]: Listening on Syslog Socket.
[[0;32m  OK  [0m] Listening on Syslog Socket.
[   70.659746] systemd[1]: Starting Journal Service...
         Starting Journal Service...
[   70.718490] systemd[1]: Reached target Swap.
[[0;32m  OK  [0m] Reached target Swap.
[   70.721003] systemd[1]: Starting Nameserver information manager...
         Starting Nameserver information manager...
[   70.967584] systemd[1]: Reached target Encrypted Volumes.
[[0;32m  OK  [0m] Reached target Encrypted Volumes.
[   71.191638] systemd[1]: Starting Create list of required static device nodes for the current kernel...
         Starting Create list of required st... nodes for the current kernel...
[   71.580345] systemd[1]: Mounted POSIX Message Queue File System.
[[0;32m  OK  [0m] Mounted POSIX Message Queue File System.
[   71.719713] systemd[1]: Mounted Huge Pages File System.
[[0;32m  OK  [0m] Mounted Huge Pages File System.
[   71.935462] systemd[1]: Mounted Debug File System.
[[0;32m  OK  [0m] Mounted Debug File System.
[   72.005912] systemd[1]: Started Journal Service.
[[0;32m  OK  [0m] Started Journal Service.
[[0;32m  OK  [0m] Started Remount Root and Kernel File Systems.
[[0;32m  OK  [0m] Started Load Kernel Modules.
[[0;32m  OK  [0m] Started Uncomplicated firewall.
[[0;32m  OK  [0m] Started Set console keymap.
[[0;32m  OK  [0m] Started Create list of required sta...ce nodes for the current kernel.
[[0;32m  OK  [0m] Started Nameserver information manager.
[[0;32m  OK  [0m] Started LVM2 metadata daemon.
         Starting Create Static Device Nodes in /dev...
         Starting Apply Kernel Variables...
         Mounting FUSE Control File System...
         Starting Initial cloud-init job (pre-networking)...
         Starting Load/Save Random Seed...
         Starting udev Coldplug all Devices...
         Starting Flush Journal to Persistent Storage...
[[0;32m  OK  [0m] Mounted FUSE Control File System.
[[0;32m  OK  [0m] Started Monitoring of LVM2 mirrors,...ng dmeventd or progress polling.
[[0;32m  OK  [0m] Started Create Static Device Nodes in /dev.
[[0;32m  OK  [0m] Started Apply Kernel Variables.
[[0;32m  OK  [0m] Started Load/Save Random Seed.
[[0;32m  OK  [0m] Started udev Coldplug all Devices.
         Starting udev Kernel Device Manager...
[[0;32m  OK  [0m] Started Flush Journal to Persistent Storage.
[[0;32m  OK  [0m] Started udev Kernel Device Manager.
[[0;32m  OK  [0m] Reached target Local File Systems (Pre).
[[0;32m  OK  [0m] Reached target Local File Systems.
         Starting Tell Plymouth To Write Out Runtime Data...
         Starting Create Volatile Files and Directories...
         Starting LSB: AppArmor initialization...
         Starting Commit a transient machine-id on disk...
         Starting Set console font and keymap...
[[0;32m  OK  [0m] Started Dispatch Password Requests to Console Directory Watch.
[[0;32m  OK  [0m] Started Tell Plymouth To Write Out Runtime Data.
[[0;32m  OK  [0m] Started Create Volatile Files and Directories.
[[0;32m  OK  [0m] Started Commit a transient machine-id on disk.
[[0;32m  OK  [0m] Found device /dev/ttyS0.
[[0;32m  OK  [0m] Listening on Load/Save RF Kill Switch Status /dev/rfkill Watch.
         Starting Update UTMP about System Boot/Shutdown...
[[0;32m  OK  [0m] Started Update UTMP about System Boot/Shutdown.
[[0;32m  OK  [0m] Started Set console font and keymap.
[[0;32m  OK  [0m] Created slice system-getty.slice.
[[0;32m  OK  [0m] Started LSB: AppArmor initialization.
[   42.890346] cloud-init[439]: Cloud-init v. 18.2 running 'init-local' at Wed, 30 May 2018 20:35:43 +0000. Up 42.34 seconds.
[[0;32m  OK  [0m] Started Initial cloud-init job (pre-networking).
[[0;32m  OK  [0m] Reached target Network (Pre).
         Starting Raise network interfaces...
[[0;32m  OK  [0m] Started Raise network interfaces.
         Starting Initial cloud-init job (metadata service crawler)...
[[0;32m  OK  [0m] Reached target Network.
[   45.943182] cloud-init[926]: Cloud-init v. 18.2 running 'init' at Wed, 30 May 2018 20:35:45 +0000. Up 44.05 seconds.
[   46.065774] [cloud-init[0;32m  OK  [0m[926]: ] ci-info: ++++++++++++++++++++++++++++++++++++++Net device info++++++++++++++++++++++++++++++++++++++Started Initial cloud-init job (metadata service crawler).

[   46.066687] cloud-init[926]: ci-info: +--------+-------+----------------------------+---------------+-------+-------------------+
[   46.496867] [cloud-init[0;32m  OK  [0m[926]: ] ci-info: | Device |   Up  |          Address           |      Mask     | Scope |     Hw-Address    |Reached target Cloud-config availability.

[   46.497814] [cloud-init[0;32m  OK  [0m[926]: ] ci-info: +--------+-------+----------------------------+---------------+-------+-------------------+Reached target System Initialization.

[   46.940764] [cloud-init[0;32m  OK  [0m[926]: ] ci-info: | enp0s3 |  True |         10.0.2.15          | 255.255.255.0 |   .   | 02:24:97:69:54:5f |Started Daily Cleanup of Temporary Directories.

[   46.941269]          cloud-initStarting Socket activation for snappy daemon.[926]: 
ci-info: | enp0s3 |  True | fe80::24:97ff:fe69:545f/64 |       .       |  link | 02:24:97:69:54:5f |
[   47.377785] [cloud-init[0;32m  OK  [0m[926]: ] ci-info: | enp0s8 | False |             .              |       .       |   .   | 08:00:27:cc:37:4d |Listening on ACPID Listen Socket.

[   47.379402] cloud-init[926]: ci-info: |   lo   |  True |         127.0.0.1          |   255.0.0.0   |   .   |         .         |
[   47.749366]          cloud-initStarting LXD - unix socket.[926]: 
ci-info: |   lo   |  True |          ::1/128           |       .       |  host |         .         |
[   47.939341] cloud-init[926]: ci-info: +--------+-------+----------------------------+---------------+-------+-------------------+
[[0;32m  OK  [0m] Listening on UUID daemon activation socket.
[   47.940327] cloud-init[926]: ci-info: +++++++++++++++++++++++++++Route IPv4 info++++++++++++++++++++++++++++
[   48.296978] [cloud-init[0;32m  OK  [0m[926]: ] ci-info: +-------+-------------+----------+---------------+-----------+-------+Started ACPI Events Check.

[   48.298732] [cloud-init[0;32m  OK  [0m[926]: ] ci-info: | Route | Destination | Gateway  |    Genmask    | Interface | Flags |Reached target Paths.

[   48.490920] [cloud-init[0;32m  OK  [0m[926]: ] ci-info: +-------+-------------+----------+---------------+-----------+-------+Listening on D-Bus System Message Bus Socket.

[[0;32m  OK  [0m] Started Daily apt download activities.
[[0;32m  OK  [0m] Started Daily apt upgrade and clean activities.
[   48.694791] cloud-init[926]: ci-info: |   0   |   0.0.0.0   | 10.0.2.2 |    0.0.0.0    |   enp0s3  |   UG  |
[   49.177208] [cloud-init[0;32m  OK  [0m[926]: ] ci-info: |   1   |   10.0.2.0  | 0.0.0.0  | 255.255.255.0 |   enp0s3  |   U   |Reached target Timers.

[   49.178228] [cloud-init[0;32m  OK  [0m[926]: ] ci-info: +-------+-------------+----------+---------------+-----------+-------+Reached target Network is Online.

[   49.358663] cloud-init[926]: Generating public/private rsa key pair.
[   49.665173]          cloud-initStarting iSCSI initiator daemon (iscsid)...[926]: 
Your identification has been saved in /etc/ssh/ssh_host_rsa_key.
[   49.840840] [cloud-init[0;32m  OK  [0m[926]: ] Your public key has been saved in /etc/ssh/ssh_host_rsa_key.pub.Listening on Socket activation for snappy daemon.

[   49.841995] [cloud-init[0;32m  OK  [0m[926]: ] The key fingerprint is:Listening on LXD - unix socket.

[   50.162909] [cloud-init[0;32m  OK  [0m[926]: ] SHA256:iQNJqQmRovUkP4VDqNWgv4gKTh+2uG5pXNl1QD8dnkM root@ubuntu-xenialReached target Sockets.

[   50.163605] [cloud-init[0;32m  OK  [0m[926]: ] The key's randomart image is:Reached target Basic System.

[   50.323369] cloud-init[926]: +---[RSA 2048]----+
[   50.516897]          cloud-initStarting Virtualbox guest utils...[926]: 
|.o.=oo..   E     |
[   50.633917] [cloud-init[0;32m  OK  [0m[926]: ] |+.=.*.... + o    |Started Deferred execution scheduler.

[   50.635983] cloud-init[926]: |+= Boo  .o =     |
         Starting /etc/rc.local Compatibility...
[   50.834071] cloud-init[926]: |o.o +. o o. .    |
[   50.949001]          cloud-initStarting Pollinate to seed the pseudo random number generator...[926]: 
|  . o.+ S        |
[   51.084960]          cloud-initStarting Accounts Service...[926]: 
|.. + . .         |
[   51.180980] [cloud-init[0;32m  OK  [0m[926]: ] |=.+o             |Started Unattended Upgrades Shutdown.

[   51.291365] cloud-init[926]: |==+ o            |
         Starting Snappy daemon...
[   51.292381] cloud-init[926]: |==.o             |
[   51.396563]          cloud-initStarting System Logging Service...[926]: 
+----[SHA256]-----+
[   51.397213] cloud-init[926]: Generating public/private dsa key pair.
[   51.552270] cloud-init[926]: Your identification has been saved in /etc/ssh/ssh_host_dsa_key.
[   51.552803] cloud-init[926]: Your public key has been saved in /etc/ssh/ssh_host_dsa_key.pub.
         Starting LSB: Record successful boot for GRUB...
[   51.552894] cloud-init[926]: The key fingerprint is:
[   51.772837]          cloud-initStarting LSB: MD monitoring daemon...[926]: 
SHA256:nawc/fm5MjHbK7Geru1wjS9nrCjB05CenrC94s9j/uE root@ubuntu-xenial
[   51.773320] cloud-init[926]: The key's randomart image is:
[   51.804808] [cloud-init[0;32m  OK  [0m[926]: ] +---[DSA 1024]----+Started FUSE filesystem for LXC.

[   51.805485] cloud-init[926]: |                 |
         Starting Apply the settings specified in cloud-config...
[   51.959801] cloud-init[926]: |                 |
[   52.068585] cloud-init[926]: |         .       |
         Starting LXD - container startup/shutdown...
[   52.126934] cloud-init[926]: |        o+ .     |
[   52.224243] cloud-init[926]: |       oS+=      |
[   52.224521] cloud-init[926]: |      ..*o..++   |
[   52.224578] cloud-init[926]: |       =o+o =O.  |
[   52.224630] cloud-init[926]: |      o.B. *B+=. |
[   52.224682] cloud-init[926]: |     ..===E=BO*o |
[   52.224733] cloud-init[926]: +----[SHA256]-----+
[   52.224787] cloud-init[926]: Generating public/private ecdsa key pair.
[   52.224865] cloud-init[926]: Your identification has been saved in /etc/ssh/ssh_host_ecdsa_key.
[   52.224996] cloud-init[926]: Your public key has been saved in /etc/ssh/ssh_host_ecdsa_key.pub.
[   52.225064] cloud-init[926]: The key fingerprint is:
[   52.225127] cloud-init[926]: SHA256:9akefguZuAQF8BKFxfQvfll4c3YqlDtYpADMhuHgACs root@ubuntu-xenial
[   52.225178] cloud-init[926]: The key's randomart image is:
[   52.225227] cloud-init[926]: +---[ECDSA 256]---+
[   52.225277] cloud-init[926]: |+ . +%*          |
[   52.225330] cloud-init[926]: | + ooo=+         |
[   52.225381] cloud-init[926]: |E . o.. + . .    |
[   52.225430] cloud-init[926]: |.    . . + = o   |
[   52.225479] cloud-init[926]: |      . S + X o .|
[   52.225528] cloud-init[926]: |       o o @ = o |
[   52.225578] cloud-init[926]: |        + X + .  |
[   52.225684] cloud-init[926]: |       . = o.o   |
[   52.225753] cloud-init[926]: |        . o...   |
[   52.225836] cloud-init[926]: +----[SHA256]-----+
[   52.225891] cloud-init[926]: Generating public/private ed25519 key pair.
[   52.225945] cloud-init[926]: Your identification has been saved in /etc/ssh/ssh_host_ed25519_key.
[   52.226008] cloud-init[926]: Your public key has been saved in /etc/ssh/ssh_host_ed25519_key.pub.
[   52.226068] cloud-init[926]: The key fingerprint is:
[   52.226129] cloud-init[926]: SHA256:xvVyFtuylIRe+4qiX5CMSyIUreAOSWQGag9RHo+o1Ps root@ubuntu-xenial
[   52.226189] cloud-init[926]: The key's randomart image is:
[   52.226250] cloud-init[926]: +--[ED25519 256]--+
[   52.226310] cloud-init[926]: |+=o+             |
[   52.226361] cloud-init[926]: |=.=.=      .     |
[   52.226424] cloud-init[926]: |+B.= .    o +    |
[   52.226473] cloud-init[926]: |*o+ .  + + + *   |
[   52.226523] cloud-init[926]: |+ .o. o S o X .  |
[   52.226591] cloud-init[926]: | . ..o o . = +   |
[   52.226643] cloud-init[926]: |     E.   . . .  |
[   52.226694] cloud-init[926]: |        .. . .   |
[   52.226749] cloud-init[926]: |      .o... .    |
[   52.226845] cloud-init[926]: +----[SHA256]-----+
[[0;32m  OK  [0m] Started D-Bus System Message Bus.
[   53.097351] cloud-init[1092]: Generating locales (this might take a while)...
[[0;32m  OK  [0m] Started ACPI event daemon.
         Starting Login Service...
[[0;32m  OK  [0m] Started Regular background program processing daemon.
[[0;32m  OK  [0m] Started System Logging Service.
[[0;32m  OK  [0m] Started iSCSI initiator daemon (iscsid).
[[0;32m  OK  [0m] Started /etc/rc.local Compatibility.
[[0;32m  OK  [0m] Started Pollinate to seed the pseudo random number generator.
[[0;32m  OK  [0m] Started Login Service.
         Starting Authenticate and Authorize Users to Run Privileged Tasks...
         Starting OpenBSD Secure Shell server...
         Starting Login to default iSCSI targets...
[[0;32m  OK  [0m] Started LSB: Record successful boot for GRUB.
[[0;32m  OK  [0m] Started LSB: MD monitoring daemon.
[[0;32m  OK  [0m] Started OpenBSD Secure Shell server.
[[0;32m  OK  [0m] Started Login to default iSCSI targets.
[[0;32m  OK  [0m] Started Authenticate and Authorize Users to Run Privileged Tasks.
[[0;32m  OK  [0m] Started Accounts Service.
[[0;32m  OK  [0m] Started Snappy daemon.
[[0;32m  OK  [0m] Started Virtualbox guest utils.
[[0;32m  OK  [0m] Reached target Remote File Systems (Pre).
[[0;32m  OK  [0m] Reached target Remote File Systems.
         Starting LSB: automatic crash report generation...
         Starting Permit User Sessions...
         Starting LSB: daemon to balance interrupts for SMP systems...
[   55.943571] cloud-init[1092]:   en_US.UTF-8... done
         [   56.098154] Starting LSB: Set the CPU Frequency Scaling governor to "ondemand"...cloud-init
[1092]: Generation complete.
[[0;32m  OK  [0m] Started Permit User Sessions.
         Starting Terminate Plymouth Boot Screen...
         Starting Hold until boot process finishes up...
[[0;32m  OK  [0m] Started LXD - container startup/shutdown.
[[0;32m  OK  [0m] Started LSB: automatic crash report generation.
[[0;32m  OK  [0m] Started LSB: daemon to balance interrupts for SMP systems.
[[0;32m  OK  [0m] Started LSB: Set the CPU Frequency Scaling governor to "ondemand".
[[0;32m  OK  [0m] Started Terminate Plymouth Boot Screen.
[[0;32m  OK  [0m] Started Hold until boot process finishes up.
[[0;32m  OK  [0m] Created slice User Slice of vagrant.
         Starting User Manager for UID 1000...
[[0;32m  OK  [0m] Started Session 1 of user vagrant.
[[0;32m  OK  [0m] Started Serial Getty on ttyS0.
         Starting Set console scheme...
[[0;32m  OK  [0m] Started Getty on tty1.
[[0;32m  OK  [0m] Reached target Login Prompts.
[[0;32m  OK  [0m] Reached target Multi-User System.
[[0;32m  OK  [0m] Reached target Graphical Interface.
         Starting Update UTMP about System Runlevel Changes...
[[0;32m  OK  [0m] Started User Manager for UID 1000.
[[0;32m  OK  [0m] Started Apply the settings specified in cloud-config.
[[0;32m  OK  [0m] Started Set console scheme.
[   57.651690] cloud-init[1092]: Cloud-init v. 18.2 running 'modules:config' at Wed, 30 May 2018 20:35:53 +0000. Up 52.22 seconds.
[[0;32m  OK  [0m] Started Update UTMP about System Runlevel Changes.
         Starting Execute cloud user/final scripts...
ci-info: no authorized ssh keys fingerprints found for user ubuntu.
<14>May 30 20:36:00 ec2: 
<14>May 30 20:36:00 ec2: #############################################################
<14>May 30 20:36:00 ec2: -----BEGIN SSH HOST KEY FINGERPRINTS-----
<14>May 30 20:36:00 ec2: 1024 SHA256:nawc/fm5MjHbK7Geru1wjS9nrCjB05CenrC94s9j/uE root@ubuntu-xenial (DSA)
<14>May 30 20:36:00 ec2: 256 SHA256:9akefguZuAQF8BKFxfQvfll4c3YqlDtYpADMhuHgACs root@ubuntu-xenial (ECDSA)
<14>May 30 20:36:00 ec2: 256 SHA256:xvVyFtuylIRe+4qiX5CMSyIUreAOSWQGag9RHo+o1Ps root@ubuntu-xenial (ED25519)
<14>May 30 20:36:00 ec2: 2048 SHA256:iQNJqQmRovUkP4VDqNWgv4gKTh+2uG5pXNl1QD8dnkM root@ubuntu-xenial (RSA)
<14>May 30 20:36:00 ec2: -----END SSH HOST KEY FINGERPRINTS-----
<14>May 30 20:36:00 ec2: #############################################################
-----BEGIN SSH HOST KEY KEYS-----
ecdsa-sha2-nistp256 AAAAE2VjZHNhLXNoYTItbmlzdHAyNTYAAAAIbmlzdHAyNTYAAABBBLE/78TYI3K2MW6YB7bigZHNsR/EWvEb9o7crli0bBPxXFdGQIG2h/yvS/f8Jh50z2A0jJ+Q6Z6ymWsq2Faq9So= root@ubuntu-xenial
ssh-ed25519 AAAAC3NzaC1lZDI1NTE5AAAAIKfWonYm3QE3umXkKB2dBUQlJsa8OO52it9EZS/1u96v root@ubuntu-xenial
ssh-rsa AAAAB3NzaC1yc2EAAAADAQABAAABAQDLERwso7fmJY1aS2cT1SPU7dlWrkwcECsIEdLVN+0102BHoj6tM+R9loXKxOQAkPABjuumHz9UAIqU/ygocGYr23aT8qcyLzkOcGuSiFH/A8oavmoIjkt0i2c6/7Uvs32YU1uSYdjIgxCaGhVj0SUAIyw5E0p/CFF0dKy57+TBmFBZRGGTuf5OuuTDyi2C/xjgD83ugxOjeVZ7yQBEXRYQkjJXVUoxCYcTtRNACu3/zGju4HSjFaJdFNPCCPzW+Xh0kX2yUmV5xJwImsDJQ+o95NLioB1oKDix1OWgb1PydXoPJGQnI+n4n2wJzgR70e6OmOIBLSOHqQwUTxZiq1hT root@ubuntu-xenial
-----END SSH HOST KEY KEYS-----
[   59.930575] cloud-init[1288]: Cloud-init v. 18.2 running 'modules:final' at Wed, 30 May 2018 20:35:59 +0000. Up 58.35 seconds.
[   60.093512] cloud-init[1288]: ci-info: no authorized ssh keys fingerprints found for user ubuntu.
[   60.093783] cloud-init[1288]: Cloud-init v. 18.2 finished at Wed, 30 May 2018 20:36:01 +0000. Datasource DataSourceNoCloud [seed=/dev/sdb][dsmode=net].  Up 59.92 seconds
[[0;32m  OK  [0m] Started Execute cloud user/final scripts.
[[0;32m  OK  [0m] Reached target Cloud-init target.

Ubuntu 16.04.4 LTS ubuntu-xenial ttyS0

ubuntu-xenial login: 